This is pdfTeX, Version 3.14159265-2.6-1.40.17 (MiKTeX 2.9 64-bit) (preloaded format=pdflatex 2016.12.14)  25 MAY 2017 23:28
entering extended mode
**./RK_Aerial_Thesis.tex
(RK_Aerial_Thesis.tex
LaTeX2e <2016/03/31>
Babel <3.9r> and hyphenation patterns for 75 language(s) loaded.
("C:\Program Files\MiKTeX 2.9\tex\latex\base\article.cls"
Document Class: article 2014/09/29 v1.4h Standard LaTeX document class
("C:\Program Files\MiKTeX 2.9\tex\latex\base\size12.clo"
File: size12.clo 2014/09/29 v1.4h Standard LaTeX file (size option)
)
\c@part=\count79
\c@section=\count80
\c@subsection=\count81
\c@subsubsection=\count82
\c@paragraph=\count83
\c@subparagraph=\count84
\c@figure=\count85
\c@table=\count86
\abovecaptionskip=\skip41
\belowcaptionskip=\skip42
\bibindent=\dimen102
)
("C:\Program Files\MiKTeX 2.9\tex\latex\amsmath\amsmath.sty"
Package: amsmath 2016/03/10 v2.15b AMS math features
\@mathmargin=\skip43

For additional information on amsmath, use the `?' option.
("C:\Program Files\MiKTeX 2.9\tex\latex\amsmath\amstext.sty"
Package: amstext 2000/06/29 v2.01 AMS text

("C:\Program Files\MiKTeX 2.9\tex\latex\amsmath\amsgen.sty"
File: amsgen.sty 1999/11/30 v2.0 generic functions
\@emptytoks=\toks14
\ex@=\dimen103
))
("C:\Program Files\MiKTeX 2.9\tex\latex\amsmath\amsbsy.sty"
Package: amsbsy 1999/11/29 v1.2d Bold Symbols
\pmbraise@=\dimen104
)
("C:\Program Files\MiKTeX 2.9\tex\latex\amsmath\amsopn.sty"
Package: amsopn 2016/03/08 v2.02 operator names
)
\inf@bad=\count87
LaTeX Info: Redefining \frac on input line 199.
\uproot@=\count88
\leftroot@=\count89
LaTeX Info: Redefining \overline on input line 297.
\classnum@=\count90
\DOTSCASE@=\count91
LaTeX Info: Redefining \ldots on input line 394.
LaTeX Info: Redefining \dots on input line 397.
LaTeX Info: Redefining \cdots on input line 518.
\Mathstrutbox@=\box26
\strutbox@=\box27
\big@size=\dimen105
LaTeX Font Info:    Redeclaring font encoding OML on input line 634.
LaTeX Font Info:    Redeclaring font encoding OMS on input line 635.
\macc@depth=\count92
\c@MaxMatrixCols=\count93
\dotsspace@=\muskip10
\c@parentequation=\count94
\dspbrk@lvl=\count95
\tag@help=\toks15
\row@=\count96
\column@=\count97
\maxfields@=\count98
\andhelp@=\toks16
\eqnshift@=\dimen106
\alignsep@=\dimen107
\tagshift@=\dimen108
\tagwidth@=\dimen109
\totwidth@=\dimen110
\lineht@=\dimen111
\@envbody=\toks17
\multlinegap=\skip44
\multlinetaggap=\skip45
\mathdisplay@stack=\toks18
LaTeX Info: Redefining \[ on input line 2739.
LaTeX Info: Redefining \] on input line 2740.
)
("C:\Program Files\MiKTeX 2.9\tex\latex\amsfonts\amssymb.sty"
Package: amssymb 2013/01/14 v3.01 AMS font symbols

("C:\Program Files\MiKTeX 2.9\tex\latex\amsfonts\amsfonts.sty"
Package: amsfonts 2013/01/14 v3.01 Basic AMSFonts support
\symAMSa=\mathgroup4
\symAMSb=\mathgroup5
LaTeX Font Info:    Overwriting math alphabet `\mathfrak' in version `bold'
(Font)                  U/euf/m/n --> U/euf/b/n on input line 106.
))
("C:\Program Files\MiKTeX 2.9\tex\latex\geometry\geometry.sty"
Package: geometry 2010/09/12 v5.6 Page Geometry

("C:\Program Files\MiKTeX 2.9\tex\latex\graphics\keyval.sty"
Package: keyval 2014/10/28 v1.15 key=value parser (DPC)
\KV@toks@=\toks19
)
("C:\Program Files\MiKTeX 2.9\tex\generic\oberdiek\ifpdf.sty"
Package: ifpdf 2016/05/14 v3.1 Provides the ifpdf switch
)
("C:\Program Files\MiKTeX 2.9\tex\generic\oberdiek\ifvtex.sty"
Package: ifvtex 2016/05/16 v1.6 Detect VTeX and its facilities (HO)
Package ifvtex Info: VTeX not detected.
)
("C:\Program Files\MiKTeX 2.9\tex\generic\ifxetex\ifxetex.sty"
Package: ifxetex 2010/09/12 v0.6 Provides ifxetex conditional
)
\Gm@cnth=\count99
\Gm@cntv=\count100
\c@Gm@tempcnt=\count101
\Gm@bindingoffset=\dimen112
\Gm@wd@mp=\dimen113
\Gm@odd@mp=\dimen114
\Gm@even@mp=\dimen115
\Gm@layoutwidth=\dimen116
\Gm@layoutheight=\dimen117
\Gm@layouthoffset=\dimen118
\Gm@layoutvoffset=\dimen119
\Gm@dimlist=\toks20

("C:\Program Files\MiKTeX 2.9\tex\latex\geometry\geometry.cfg"))
("C:\Program Files\MiKTeX 2.9\tex\latex\graphics\graphicx.sty"
Package: graphicx 2014/10/28 v1.0g Enhanced LaTeX Graphics (DPC,SPQR)

("C:\Program Files\MiKTeX 2.9\tex\latex\graphics\graphics.sty"
Package: graphics 2016/05/09 v1.0r Standard LaTeX Graphics (DPC,SPQR)

("C:\Program Files\MiKTeX 2.9\tex\latex\graphics\trig.sty"
Package: trig 2016/01/03 v1.10 sin cos tan (DPC)
)
("C:\Program Files\MiKTeX 2.9\tex\latex\00miktex\graphics.cfg"
File: graphics.cfg 2016/01/02 v1.10 sample graphics configuration
)
Package graphics Info: Driver file: pdftex.def on input line 96.

("C:\Program Files\MiKTeX 2.9\tex\latex\pdftex-def\pdftex.def"
File: pdftex.def 2011/05/27 v0.06d Graphics/color for pdfTeX

("C:\Program Files\MiKTeX 2.9\tex\generic\oberdiek\infwarerr.sty"
Package: infwarerr 2016/05/16 v1.4 Providing info/warning/error messages (HO)
)
("C:\Program Files\MiKTeX 2.9\tex\generic\oberdiek\ltxcmds.sty"
Package: ltxcmds 2016/05/16 v1.23 LaTeX kernel commands for general use (HO)
)
\Gread@gobject=\count102
))
\Gin@req@height=\dimen120
\Gin@req@width=\dimen121
)
("C:\Program Files\MiKTeX 2.9\tex\latex\url\url.sty"
\Urlmuskip=\muskip11
Package: url 2013/09/16  ver 3.4  Verb mode for urls, etc.
)
("C:\Program Files\MiKTeX 2.9\tex\latex\cite\cite.sty"
LaTeX Info: Redefining \cite on input line 302.
LaTeX Info: Redefining \nocite on input line 332.
Package: cite 2015/02/27  v 5.5
)
("C:\Program Files\MiKTeX 2.9\tex\latex\fancyhdr\fancyhdr.sty"
\fancy@headwidth=\skip46
\f@ncyO@elh=\skip47
\f@ncyO@erh=\skip48
\f@ncyO@olh=\skip49
\f@ncyO@orh=\skip50
\f@ncyO@elf=\skip51
\f@ncyO@erf=\skip52
\f@ncyO@olf=\skip53
\f@ncyO@orf=\skip54
)
("C:\Program Files\MiKTeX 2.9\tex\latex\float\float.sty"
Package: float 2001/11/08 v1.3d Float enhancements (AL)
\c@float@type=\count103
\float@exts=\toks21
\float@box=\box28
\@float@everytoks=\toks22
\@floatcapt=\box29
)
("C:\Program Files\MiKTeX 2.9\tex\latex\caption\caption.sty"
Package: caption 2016/02/21 v3.3-144 Customizing captions (AR)

("C:\Program Files\MiKTeX 2.9\tex\latex\caption\caption3.sty"
Package: caption3 2016/05/22 v1.7-166 caption3 kernel (AR)
Package caption3 Info: TeX engine: e-TeX on input line 67.
\captionmargin=\dimen122
\captionmargin@=\dimen123
\captionwidth=\dimen124
\caption@tempdima=\dimen125
\caption@indent=\dimen126
\caption@parindent=\dimen127
\caption@hangindent=\dimen128
)
\c@ContinuedFloat=\count104
Package caption Info: float package is loaded.
)
("C:\Program Files\MiKTeX 2.9\tex\latex\setspace\setspace.sty"
Package: setspace 2011/12/19 v6.7a set line spacing
)
(RK_Aerial_Thesis.aux)
\openout1 = `RK_Aerial_Thesis.aux'.

LaTeX Font Info:    Checking defaults for OML/cmm/m/it on input line 15.
LaTeX Font Info:    ... okay on input line 15.
LaTeX Font Info:    Checking defaults for T1/cmr/m/n on input line 15.
LaTeX Font Info:    ... okay on input line 15.
LaTeX Font Info:    Checking defaults for OT1/cmr/m/n on input line 15.
LaTeX Font Info:    ... okay on input line 15.
LaTeX Font Info:    Checking defaults for OMS/cmsy/m/n on input line 15.
LaTeX Font Info:    ... okay on input line 15.
LaTeX Font Info:    Checking defaults for OMX/cmex/m/n on input line 15.
LaTeX Font Info:    ... okay on input line 15.
LaTeX Font Info:    Checking defaults for U/cmr/m/n on input line 15.
LaTeX Font Info:    ... okay on input line 15.

*geometry* driver: auto-detecting
*geometry* detected driver: pdftex
*geometry* verbose mode - [ preamble ] result:
* driver: pdftex
* paper: <default>
* layout: <same size as paper>
* layoutoffset:(h,v)=(0.0pt,0.0pt)
* modes: 
* h-part:(L,W,R)=(92.14519pt, 430.00462pt, 92.14519pt)
* v-part:(T,H,B)=(95.39737pt, 556.47656pt, 143.09605pt)
* \paperwidth=614.295pt
* \paperheight=794.96999pt
* \textwidth=430.00462pt
* \textheight=556.47656pt
* \oddsidemargin=19.8752pt
* \evensidemargin=19.8752pt
* \topmargin=-13.87262pt
* \headheight=12.0pt
* \headsep=25.0pt
* \topskip=12.0pt
* \footskip=30.0pt
* \marginparwidth=44.0pt
* \marginparsep=10.0pt
* \columnsep=10.0pt
* \skip\footins=10.8pt plus 4.0pt minus 2.0pt
* \hoffset=0.0pt
* \voffset=0.0pt
* \mag=1000
* \@twocolumnfalse
* \@twosidefalse
* \@mparswitchfalse
* \@reversemarginfalse
* (1in=72.27pt=25.4mm, 1cm=28.453pt)

("C:\Program Files\MiKTeX 2.9\tex\context\base\supp-pdf.mkii"
[Loading MPS to PDF converter (version 2006.09.02).]
\scratchcounter=\count105
\scratchdimen=\dimen129
\scratchbox=\box30
\nofMPsegments=\count106
\nofMParguments=\count107
\everyMPshowfont=\toks23
\MPscratchCnt=\count108
\MPscratchDim=\dimen130
\MPnumerator=\count109
\makeMPintoPDFobject=\count110
\everyMPtoPDFconversion=\toks24
) ("C:\Program Files\MiKTeX 2.9\tex\generic\oberdiek\pdftexcmds.sty"
Package: pdftexcmds 2016/05/21 v0.22 Utility functions of pdfTeX for LuaTeX (HO
)

("C:\Program Files\MiKTeX 2.9\tex\generic\oberdiek\ifluatex.sty"
Package: ifluatex 2016/05/16 v1.4 Provides the ifluatex switch (HO)
Package ifluatex Info: LuaTeX not detected.
)
Package pdftexcmds Info: LuaTeX not detected.
Package pdftexcmds Info: \pdf@primitive is available.
Package pdftexcmds Info: \pdf@ifprimitive is available.
Package pdftexcmds Info: \pdfdraftmode found.
)
("C:\Program Files\MiKTeX 2.9\tex\latex\oberdiek\epstopdf-base.sty"
Package: epstopdf-base 2016/05/15 v2.6 Base part for package epstopdf

("C:\Program Files\MiKTeX 2.9\tex\latex\oberdiek\grfext.sty"
Package: grfext 2016/05/16 v1.2 Manage graphics extensions (HO)

("C:\Program Files\MiKTeX 2.9\tex\generic\oberdiek\kvdefinekeys.sty"
Package: kvdefinekeys 2016/05/16 v1.4 Define keys (HO)
))
("C:\Program Files\MiKTeX 2.9\tex\latex\oberdiek\kvoptions.sty"
Package: kvoptions 2016/05/16 v3.12 Key value format for package options (HO)

("C:\Program Files\MiKTeX 2.9\tex\generic\oberdiek\kvsetkeys.sty"
Package: kvsetkeys 2016/05/16 v1.17 Key value parser (HO)

("C:\Program Files\MiKTeX 2.9\tex\generic\oberdiek\etexcmds.sty"
Package: etexcmds 2016/05/16 v1.6 Avoid name clashes with e-TeX commands (HO)
Package etexcmds Info: Could not find \expanded.
(etexcmds)             That can mean that you are not using pdfTeX 1.50 or
(etexcmds)             that some package has redefined \expanded.
(etexcmds)             In the latter case, load this package earlier.
)))
Package grfext Info: Graphics extension search list:
(grfext)             [.png,.pdf,.jpg,.mps,.jpeg,.jbig2,.jb2,.PNG,.PDF,.JPG,.JPE
G,.JBIG2,.JB2,.eps]
(grfext)             \AppendGraphicsExtensions on input line 456.
)
Package caption Info: Begin \AtBeginDocument code.
Package caption Info: End \AtBeginDocument code.
LaTeX Font Info:    Try loading font information for U+msa on input line 19.

("C:\Program Files\MiKTeX 2.9\tex\latex\amsfonts\umsa.fd"
File: umsa.fd 2013/01/14 v3.01 AMS symbols A
)
LaTeX Font Info:    Try loading font information for U+msb on input line 19.

("C:\Program Files\MiKTeX 2.9\tex\latex\amsfonts\umsb.fd"
File: umsb.fd 2013/01/14 v3.01 AMS symbols B
) [1

{C:/ProgramData/MiKTeX/2.9/pdftex/config/pdftex.map}] (Abstract.tex
Missing character: There is no ‚ in font cmr12!
Missing character: There is no Ä in font cmr12!
Missing character: There is no ú in font cmr12!
Missing character: There is no ‚ in font cmr12!
Missing character: There is no Ä in font cmr12!
Missing character: There is no ù in font cmr12!
Missing character: There is no ‚ in font cmr12!
Missing character: There is no Ä in font cmr12!
Missing character: There is no ú in font cmr12!
Missing character: There is no ‚ in font cmr12!
Missing character: There is no Ä in font cmr12!
Missing character: There is no ù in font cmr12!
) [1] (RK_Aerial_Thesis.toc)
\tf@toc=\write3
\openout3 = `RK_Aerial_Thesis.toc'.


[1

] (RK_Aerial_Thesis.lof)
\tf@lof=\write4
\openout4 = `RK_Aerial_Thesis.lof'.

 [2] (RK_Aerial_Thesis.lot)
\tf@lot=\write5
\openout5 = `RK_Aerial_Thesis.lot'.

 [3] (Introduction.tex)
(Background.tex [1

]
Missing character: There is no ‚ in font cmr12!
Missing character: There is no Ä in font cmr12!
Missing character: There is no ú in font cmr12!
Missing character: There is no ‚ in font cmr12!
Missing character: There is no Ä in font cmr12!
Missing character: There is no ù in font cmr12!
Missing character: There is no ‚ in font cmr12!
Missing character: There is no Ä in font cmr12!
Missing character: There is no ú in font cmr12!
Missing character: There is no ‚ in font cmr12!
Missing character: There is no Ä in font cmr12!
Missing character: There is no ù in font cmr12!
Missing character: There is no ‚ in font cmr12!
Missing character: There is no Ä in font cmr12!
Missing character: There is no ú in font cmr12!
Missing character: There is no ‚ in font cmr12!
Missing character: There is no Ä in font cmr12!
Missing character: There is no ù in font cmr12!
Missing character: There is no ‚ in font cmr12!
Missing character: There is no Ä in font cmr12!
Missing character: There is no ô in font cmr12!
) (Methodology.tex [2] [3] [4]
Missing character: There is no ‚ in font cmr12!
Missing character: There is no Ä in font cmr12!
Missing character: There is no ô in font cmr12!
Missing character: There is no ‚ in font cmr12!
Missing character: There is no Ä in font cmr12!
Missing character: There is no ô in font cmr12!
Missing character: There is no ‚ in font cmr12!
Missing character: There is no Ä in font cmr12!
Missing character: There is no ô in font cmr12!

Underfull \hbox (badness 10000) in paragraph at lines 2--12

 []


Underfull \hbox (badness 10000) in paragraph at lines 2--12

 []


Underfull \hbox (badness 10000) in paragraph at lines 2--12

 []

[5] [6] [7]
Missing character: There is no ‚ in font cmr12!
Missing character: There is no Ä in font cmr12!
Missing character: There is no ô in font cmr12!

Underfull \hbox (badness 10000) in paragraph at lines 23--27

 []


Underfull \hbox (badness 10000) in paragraph at lines 23--27

 []


Underfull \hbox (badness 10000) in paragraph at lines 23--27

 []

[8]
Missing character: There is no ‚ in font cmr12!
Missing character: There is no Ä in font cmr12!
Missing character: There is no ú in font cmr12!
Missing character: There is no ‚ in font cmr12!
Missing character: There is no Ä in font cmr12!
Missing character: There is no ù in font cmr12!
Missing character: There is no ‚ in font cmr12!
Missing character: There is no Ä in font cmr12!
Missing character: There is no ú in font cmr12!
Missing character: There is no ‚ in font cmr12!
Missing character: There is no Ä in font cmr12!
Missing character: There is no ù in font cmr12!
Missing character: There is no ‚ in font cmr12!
Missing character: There is no Ä in font cmr12!
Missing character: There is no ô in font cmr12!

Underfull \hbox (badness 10000) in paragraph at lines 37--42

 []


Underfull \hbox (badness 10000) in paragraph at lines 37--42

 []

[9] [10] [11]) (Results.tex
<illustrations/Bio_Data.png, id=60, 319.94531pt x 194.22563pt>
File: illustrations/Bio_Data.png Graphic file (type png)

<use illustrations/Bio_Data.png>
Package pdftex.def Info: illustrations/Bio_Data.png used on input line 5.
(pdftex.def)             Requested size: 234.35388pt x 142.26378pt.

<illustrations/Bio_Exp.png, id=61, 289.83281pt x 121.20282pt>
File: illustrations/Bio_Exp.png Graphic file (type png)

<use illustrations/Bio_Exp.png>
Package pdftex.def Info: illustrations/Bio_Exp.png used on input line 11.
(pdftex.def)             Requested size: 204.12871pt x 85.35826pt.
 [12 <./illustrations/Bio_Data.png> <./illustrations/Bio_Exp.png>]
<illustrations/Man_Data.png, id=65, 323.70938pt x 173.14688pt>
File: illustrations/Man_Data.png Graphic file (type png)

<use illustrations/Man_Data.png>
Package pdftex.def Info: illustrations/Man_Data.png used on input line 19.
(pdftex.def)             Requested size: 265.97687pt x 142.26378pt.

<illustrations/Man_Exp.png, id=66, 289.83281pt x 121.20282pt>
File: illustrations/Man_Exp.png Graphic file (type png)

<use illustrations/Man_Exp.png>
Package pdftex.def Info: illustrations/Man_Exp.png used on input line 25.
(pdftex.def)             Requested size: 204.12871pt x 85.35826pt.
 [13 <./illustrations/Man_Data.png> <./illustrations/Man_Exp.png>]
<illustrations/Bio_Bias.png, id=70, 289.83281pt x 136.25906pt>
File: illustrations/Bio_Bias.png Graphic file (type png)

<use illustrations/Bio_Bias.png>
Package pdftex.def Info: illustrations/Bio_Bias.png used on input line 35.
(pdftex.def)             Requested size: 181.56076pt x 85.35826pt.

<illustrations/Man_Bias.png, id=71, 289.83281pt x 136.25906pt>
File: illustrations/Man_Bias.png Graphic file (type png)

<use illustrations/Man_Bias.png>
Package pdftex.def Info: illustrations/Man_Bias.png used on input line 41.
(pdftex.def)             Requested size: 181.56076pt x 85.35826pt.
 [14 <./illustrations/Bio_Bias.png> <./illustrations/Man_Bias.png>]) (Discussio
n.tex
<illustrations/Bird.png, id=76, 469.755pt x 176.15813pt>
File: illustrations/Bird.png Graphic file (type png)

<use illustrations/Bird.png>
Package pdftex.def Info: illustrations/Bird.png used on input line 8.
(pdftex.def)             Requested size: 379.36694pt x 142.26378pt.

<illustrations/Heli_Full.png, id=77, 288.3272pt x 140.02313pt>
File: illustrations/Heli_Full.png Graphic file (type png)

<use illustrations/Heli_Full.png>
Package pdftex.def Info: illustrations/Heli_Full.png used on input line 14.
(pdftex.def)             Requested size: 292.95476pt x 142.26378pt.
 [15] [16 <./illustrations/Bird.png> <./illustrations/Heli_Full.png>] [17]) (Co
nclusion.tex) (FutureWorkB.tex [18]
<illustrations/Heli_Noise.jpg, id=92, 401.5pt x 230.8625pt>
File: illustrations/Heli_Noise.jpg Graphic file (type jpg)

<use illustrations/Heli_Noise.jpg>
Package pdftex.def Info: illustrations/Heli_Noise.jpg used on input line 8.
(pdftex.def)             Requested size: 247.4142pt x 142.26378pt.

Underfull \hbox (badness 10000) in paragraph at lines 12--16

 []

[19 <./illustrations/Heli_Noise.jpg>] [20]) (Appendix.tex [21]) (AppendixA.tex
<illustrations/SAA_Flowchart.png, id=103, 437.38406pt x 530.73282pt>
File: illustrations/SAA_Flowchart.png Graphic file (type png)

<use illustrations/SAA_Flowchart.png>
Package pdftex.def Info: illustrations/SAA_Flowchart.png used on input line 5.
(pdftex.def)             Requested size: 437.38298pt x 530.73152pt.

Overfull \hbox (7.37836pt too wide) in paragraph at lines 5--6
 [] 
 []


Overfull \vbox (74.97826pt too high) has occurred while \output is active []


[22 <./illustrations/SAA_Flowchart.png>]
<illustrations/Morph_Flowchart.png, id=107, 356.83313pt x 529.22719pt>
File: illustrations/Morph_Flowchart.png Graphic file (type png)

<use illustrations/Morph_Flowchart.png>
Package pdftex.def Info: illustrations/Morph_Flowchart.png used on input line 1
3.
(pdftex.def)             Requested size: 356.83224pt x 529.22589pt.
 [23 <./illustrations/Morph_Flowchart.png>]) (AppendixB.tex
<illustrations/SSR_Data.png, id=111, 487.06969pt x 630.10406pt>
File: illustrations/SSR_Data.png Graphic file (type png)

<use illustrations/SSR_Data.png>
Package pdftex.def Info: illustrations/SSR_Data.png used on input line 5.
(pdftex.def)             Requested size: 487.06848pt x 630.10252pt.

Overfull \hbox (57.06386pt too wide) in paragraph at lines 5--6
 [] 
 []


Overfull \vbox (132.67593pt too high) has occurred while \output is active []


[24 <./illustrations/SSR_Data.png>]
<illustrations/SSR_Data_Cont.png, id=115, 490.08093pt x 633.86812pt>
File: illustrations/SSR_Data_Cont.png Graphic file (type png)

<use illustrations/SSR_Data_Cont.png>
Package pdftex.def Info: illustrations/SSR_Data_Cont.png used on input line 13.

(pdftex.def)             Requested size: 490.07974pt x 633.86658pt.

Overfull \hbox (60.07512pt too wide) in paragraph at lines 13--14
 [] 
 []


Overfull \vbox (102.89pt too high) has occurred while \output is active []


[25 <./illustrations/SSR_Data_Cont.png>]) (AppendixC.tex
<illustrations/Biological_1_StdNDist_TGraph.png, id=119, 364.36125pt x 217.5628
pt>
File: illustrations/Biological_1_StdNDist_TGraph.png Graphic file (type png)
 <use illustrations/Biological_1_StdNDist_TGraph.png>
Package pdftex.def Info: illustrations/Biological_1_StdNDist_TGraph.png used on
 input line 5.
(pdftex.def)             Requested size: 238.2664pt x 142.26378pt.

<illustrations/Biological_1_StdNDist_Time.png, id=120, 289.83281pt x 121.20282p
t>
File: illustrations/Biological_1_StdNDist_Time.png Graphic file (type png)
 <use illustrations/Biological_1_StdNDist_Time.png>
Package pdftex.def Info: illustrations/Biological_1_StdNDist_Time.png used on i
nput line 12.
(pdftex.def)             Requested size: 340.23517pt x 142.26378pt.
 [26 <./illustrations/Biological_1_StdNDist_TGraph.png> <./illustrations/Biolog
ical_1_StdNDist_Time.png>]
<illustrations/Biological_2_StdNDist_TGraph.png, id=125, 362.10281pt x 217.5628
pt>
File: illustrations/Biological_2_StdNDist_TGraph.png Graphic file (type png)
 <use illustrations/Biological_2_StdNDist_TGraph.png>
Package pdftex.def Info: illustrations/Biological_2_StdNDist_TGraph.png used on
 input line 22.
(pdftex.def)             Requested size: 236.78954pt x 142.26378pt.

<illustrations/Biological_2_StdNDist_Time.png, id=126, 289.83281pt x 121.20282p
t>
File: illustrations/Biological_2_StdNDist_Time.png Graphic file (type png)
 <use illustrations/Biological_2_StdNDist_Time.png>
Package pdftex.def Info: illustrations/Biological_2_StdNDist_Time.png used on i
nput line 29.
(pdftex.def)             Requested size: 340.23517pt x 142.26378pt.
 [27 <./illustrations/Biological_2_StdNDist_TGraph.png> <./illustrations/Biolog
ical_2_StdNDist_Time.png>]
<illustrations/Biological_3_StdNDist_TGraph.png, id=130, 361.35pt x 217.5628pt>
File: illustrations/Biological_3_StdNDist_TGraph.png Graphic file (type png)
<use illustrations/Biological_3_StdNDist_TGraph.png>
Package pdftex.def Info: illustrations/Biological_3_StdNDist_TGraph.png used on
 input line 39.
(pdftex.def)             Requested size: 236.29726pt x 142.26378pt.

<illustrations/Biological_3_StdNDist_Time.png, id=131, 289.83281pt x 121.20282p
t>
File: illustrations/Biological_3_StdNDist_Time.png Graphic file (type png)
 <use illustrations/Biological_3_StdNDist_Time.png>
Package pdftex.def Info: illustrations/Biological_3_StdNDist_Time.png used on i
nput line 46.
(pdftex.def)             Requested size: 340.23517pt x 142.26378pt.
 [28 <./illustrations/Biological_3_StdNDist_TGraph.png> <./illustrations/Biolog
ical_3_StdNDist_Time.png>]
<illustrations/Biological_4_StdNDist_TGraph.png, id=135, 361.35pt x 217.5628pt>
File: illustrations/Biological_4_StdNDist_TGraph.png Graphic file (type png)
<use illustrations/Biological_4_StdNDist_TGraph.png>
Package pdftex.def Info: illustrations/Biological_4_StdNDist_TGraph.png used on
 input line 56.
(pdftex.def)             Requested size: 236.29726pt x 142.26378pt.

<illustrations/Biological_4_StdNDist_Time.png, id=136, 289.83281pt x 121.20282p
t>
File: illustrations/Biological_4_StdNDist_Time.png Graphic file (type png)
 <use illustrations/Biological_4_StdNDist_Time.png>
Package pdftex.def Info: illustrations/Biological_4_StdNDist_Time.png used on i
nput line 63.
(pdftex.def)             Requested size: 340.23517pt x 142.26378pt.
 [29 <./illustrations/Biological_4_StdNDist_TGraph.png> <./illustrations/Biolog
ical_4_StdNDist_Time.png>]
<illustrations/Biological_5_StdNDist_TGraph.png, id=140, 362.10281pt x 217.5628
pt>
File: illustrations/Biological_5_StdNDist_TGraph.png Graphic file (type png)
 <use illustrations/Biological_5_StdNDist_TGraph.png>
Package pdftex.def Info: illustrations/Biological_5_StdNDist_TGraph.png used on
 input line 73.
(pdftex.def)             Requested size: 236.78954pt x 142.26378pt.

<illustrations/Biological_5_StdNDist_Time.png, id=141, 289.83281pt x 121.20282p
t>
File: illustrations/Biological_5_StdNDist_Time.png Graphic file (type png)
 <use illustrations/Biological_5_StdNDist_Time.png>
Package pdftex.def Info: illustrations/Biological_5_StdNDist_Time.png used on i
nput line 80.
(pdftex.def)             Requested size: 340.23517pt x 142.26378pt.
 [30 <./illustrations/Biological_5_StdNDist_TGraph.png> <./illustrations/Biolog
ical_5_StdNDist_Time.png>]
<illustrations/Biological_6_StdNDist_TGraph.png, id=145, 362.10281pt x 217.5628
pt>
File: illustrations/Biological_6_StdNDist_TGraph.png Graphic file (type png)
 <use illustrations/Biological_6_StdNDist_TGraph.png>
Package pdftex.def Info: illustrations/Biological_6_StdNDist_TGraph.png used on
 input line 90.
(pdftex.def)             Requested size: 236.78954pt x 142.26378pt.

<illustrations/Biological_6_StdNDist_Time.png, id=146, 289.83281pt x 121.20282p
t>
File: illustrations/Biological_6_StdNDist_Time.png Graphic file (type png)
 <use illustrations/Biological_6_StdNDist_Time.png>
Package pdftex.def Info: illustrations/Biological_6_StdNDist_Time.png used on i
nput line 97.
(pdftex.def)             Requested size: 340.23517pt x 142.26378pt.
 [31 <./illustrations/Biological_6_StdNDist_TGraph.png> <./illustrations/Biolog
ical_6_StdNDist_Time.png>]
<illustrations/Biological_7_StdNDist_TGraph.png, id=150, 361.35pt x 217.5628pt>
File: illustrations/Biological_7_StdNDist_TGraph.png Graphic file (type png)
<use illustrations/Biological_7_StdNDist_TGraph.png>
Package pdftex.def Info: illustrations/Biological_7_StdNDist_TGraph.png used on
 input line 107.
(pdftex.def)             Requested size: 236.29726pt x 142.26378pt.

<illustrations/Biological_7_StdNDist_Time.png, id=151, 289.83281pt x 121.20282p
t>
File: illustrations/Biological_7_StdNDist_Time.png Graphic file (type png)
 <use illustrations/Biological_7_StdNDist_Time.png>
Package pdftex.def Info: illustrations/Biological_7_StdNDist_Time.png used on i
nput line 114.
(pdftex.def)             Requested size: 340.23517pt x 142.26378pt.
 [32 <./illustrations/Biological_7_StdNDist_TGraph.png> <./illustrations/Biolog
ical_7_StdNDist_Time.png>]
<illustrations/Biological_8_StdNDist_TGraph.png, id=156, 362.10281pt x 217.5628
pt>
File: illustrations/Biological_8_StdNDist_TGraph.png Graphic file (type png)
 <use illustrations/Biological_8_StdNDist_TGraph.png>
Package pdftex.def Info: illustrations/Biological_8_StdNDist_TGraph.png used on
 input line 124.
(pdftex.def)             Requested size: 236.78954pt x 142.26378pt.

<illustrations/Biological_8_StdNDist_Time.png, id=157, 289.83281pt x 121.20282p
t>
File: illustrations/Biological_8_StdNDist_Time.png Graphic file (type png)
 <use illustrations/Biological_8_StdNDist_Time.png>
Package pdftex.def Info: illustrations/Biological_8_StdNDist_Time.png used on i
nput line 131.
(pdftex.def)             Requested size: 340.23517pt x 142.26378pt.
 [33 <./illustrations/Biological_8_StdNDist_TGraph.png> <./illustrations/Biolog
ical_8_StdNDist_Time.png>]
<illustrations/Biological_9_StdNDist_TGraph.png, id=161, 364.36125pt x 217.5628
pt>
File: illustrations/Biological_9_StdNDist_TGraph.png Graphic file (type png)
 <use illustrations/Biological_9_StdNDist_TGraph.png>
Package pdftex.def Info: illustrations/Biological_9_StdNDist_TGraph.png used on
 input line 141.
(pdftex.def)             Requested size: 238.2664pt x 142.26378pt.

<illustrations/Biological_9_StdNDist_Time.png, id=162, 289.83281pt x 121.20282p
t>
File: illustrations/Biological_9_StdNDist_Time.png Graphic file (type png)
 <use illustrations/Biological_9_StdNDist_Time.png>
Package pdftex.def Info: illustrations/Biological_9_StdNDist_Time.png used on i
nput line 148.
(pdftex.def)             Requested size: 340.23517pt x 142.26378pt.
 [34 <./illustrations/Biological_9_StdNDist_TGraph.png> <./illustrations/Biolog
ical_9_StdNDist_Time.png>]
<illustrations/Biological_10_StdNDist_TGraph.png, id=166, 362.10281pt x 217.562
8pt>
File: illustrations/Biological_10_StdNDist_TGraph.png Graphic file (type png)
 <use illustrations/Biological_10_StdNDist_TGraph.png>
Package pdftex.def Info: illustrations/Biological_10_StdNDist_TGraph.png used o
n input line 158.
(pdftex.def)             Requested size: 236.78954pt x 142.26378pt.

<illustrations/Biological_10_StdNDist_Time.png, id=167, 289.83281pt x 121.20282
pt>
File: illustrations/Biological_10_StdNDist_Time.png Graphic file (type png)
 <use illustrations/Biological_10_StdNDist_Time.png>
Package pdftex.def Info: illustrations/Biological_10_StdNDist_Time.png used on 
input line 165.
(pdftex.def)             Requested size: 340.23517pt x 142.26378pt.
 [35 <./illustrations/Biological_10_StdNDist_TGraph.png> <./illustrations/Biolo
gical_10_StdNDist_Time.png>]
<illustrations/Biological_11_StdNDist_TGraph.png, id=171, 362.10281pt x 217.562
8pt>
File: illustrations/Biological_11_StdNDist_TGraph.png Graphic file (type png)
 <use illustrations/Biological_11_StdNDist_TGraph.png>
Package pdftex.def Info: illustrations/Biological_11_StdNDist_TGraph.png used o
n input line 175.
(pdftex.def)             Requested size: 236.78954pt x 142.26378pt.

<illustrations/Biological_11_StdNDist_Time.png, id=172, 289.83281pt x 121.20282
pt>
File: illustrations/Biological_11_StdNDist_Time.png Graphic file (type png)
 <use illustrations/Biological_11_StdNDist_Time.png>
Package pdftex.def Info: illustrations/Biological_11_StdNDist_Time.png used on 
input line 182.
(pdftex.def)             Requested size: 340.23517pt x 142.26378pt.
 [36 <./illustrations/Biological_11_StdNDist_TGraph.png> <./illustrations/Biolo
gical_11_StdNDist_Time.png>]
<illustrations/Biological_12_StdNDist_TGraph.png, id=176, 362.10281pt x 217.562
8pt>
File: illustrations/Biological_12_StdNDist_TGraph.png Graphic file (type png)
 <use illustrations/Biological_12_StdNDist_TGraph.png>
Package pdftex.def Info: illustrations/Biological_12_StdNDist_TGraph.png used o
n input line 192.
(pdftex.def)             Requested size: 236.78954pt x 142.26378pt.

<illustrations/Biological_12_StdNDist_Time.png, id=177, 289.83281pt x 121.20282
pt>
File: illustrations/Biological_12_StdNDist_Time.png Graphic file (type png)
 <use illustrations/Biological_12_StdNDist_Time.png>
Package pdftex.def Info: illustrations/Biological_12_StdNDist_Time.png used on 
input line 199.
(pdftex.def)             Requested size: 340.23517pt x 142.26378pt.
 [37 <./illustrations/Biological_12_StdNDist_TGraph.png> <./illustrations/Biolo
gical_12_StdNDist_Time.png>]
<illustrations/FixedWing_1_StdNDist_TGraph.png, id=181, 418.56375pt x 217.5628p
t>
File: illustrations/FixedWing_1_StdNDist_TGraph.png Graphic file (type png)
 <use illustrations/FixedWing_1_StdNDist_TGraph.png>
Package pdftex.def Info: illustrations/FixedWing_1_StdNDist_TGraph.png used on 
input line 209.
(pdftex.def)             Requested size: 273.71098pt x 142.26378pt.

<illustrations/FixedWing_1_StdNDist_Time.png, id=182, 347.79938pt x 121.20282pt
>
File: illustrations/FixedWing_1_StdNDist_Time.png Graphic file (type png)
 <use illustrations/FixedWing_1_StdNDist_Time.png>
Package pdftex.def Info: illustrations/FixedWing_1_StdNDist_Time.png used on in
put line 216.
(pdftex.def)             Requested size: 408.28221pt x 142.26378pt.
 [38 <./illustrations/FixedWing_1_StdNDist_TGraph.png> <./illustrations/FixedWi
ng_1_StdNDist_Time.png>]
<illustrations/FixedWing_2_StdNDist_TGraph.png, id=187, 362.85562pt x 217.5628p
t>
File: illustrations/FixedWing_2_StdNDist_TGraph.png Graphic file (type png)
 <use illustrations/FixedWing_2_StdNDist_TGraph.png>
Package pdftex.def Info: illustrations/FixedWing_2_StdNDist_TGraph.png used on 
input line 226.
(pdftex.def)             Requested size: 237.28183pt x 142.26378pt.

<illustrations/FixedWing_2_StdNDist_Time.png, id=188, 289.83281pt x 121.20282pt
>
File: illustrations/FixedWing_2_StdNDist_Time.png Graphic file (type png)
 <use illustrations/FixedWing_2_StdNDist_Time.png>
Package pdftex.def Info: illustrations/FixedWing_2_StdNDist_Time.png used on in
put line 233.
(pdftex.def)             Requested size: 340.23517pt x 142.26378pt.
 [39 <./illustrations/FixedWing_2_StdNDist_TGraph.png> <./illustrations/FixedWi
ng_2_StdNDist_Time.png>]
<illustrations/FixedWing_3_StdNDist_TGraph.png, id=192, 362.10281pt x 217.5628p
t>
File: illustrations/FixedWing_3_StdNDist_TGraph.png Graphic file (type png)
 <use illustrations/FixedWing_3_StdNDist_TGraph.png>
Package pdftex.def Info: illustrations/FixedWing_3_StdNDist_TGraph.png used on 
input line 243.
(pdftex.def)             Requested size: 236.78954pt x 142.26378pt.

<illustrations/FixedWing_3_StdNDist_Time.png, id=193, 289.83281pt x 121.20282pt
>
File: illustrations/FixedWing_3_StdNDist_Time.png Graphic file (type png)
 <use illustrations/FixedWing_3_StdNDist_Time.png>
Package pdftex.def Info: illustrations/FixedWing_3_StdNDist_Time.png used on in
put line 250.
(pdftex.def)             Requested size: 340.23517pt x 142.26378pt.
 [40 <./illustrations/FixedWing_3_StdNDist_TGraph.png> <./illustrations/FixedWi
ng_3_StdNDist_Time.png>]
<illustrations/FixedWing_4_StdNDist_TGraph.png, id=197, 361.35pt x 217.5628pt>
File: illustrations/FixedWing_4_StdNDist_TGraph.png Graphic file (type png)

<use illustrations/FixedWing_4_StdNDist_TGraph.png>
Package pdftex.def Info: illustrations/FixedWing_4_StdNDist_TGraph.png used on 
input line 260.
(pdftex.def)             Requested size: 236.29726pt x 142.26378pt.

<illustrations/FixedWing_4_StdNDist_Time.png, id=198, 289.83281pt x 121.20282pt
>
File: illustrations/FixedWing_4_StdNDist_Time.png Graphic file (type png)
 <use illustrations/FixedWing_4_StdNDist_Time.png>
Package pdftex.def Info: illustrations/FixedWing_4_StdNDist_Time.png used on in
put line 267.
(pdftex.def)             Requested size: 340.23517pt x 142.26378pt.
 [41 <./illustrations/FixedWing_4_StdNDist_TGraph.png> <./illustrations/FixedWi
ng_4_StdNDist_Time.png>]
<illustrations/Rotorcraft_1_StdNDist_TGraph.png, id=202, 364.36125pt x 217.5628
pt>
File: illustrations/Rotorcraft_1_StdNDist_TGraph.png Graphic file (type png)
 <use illustrations/Rotorcraft_1_StdNDist_TGraph.png>
Package pdftex.def Info: illustrations/Rotorcraft_1_StdNDist_TGraph.png used on
 input line 277.
(pdftex.def)             Requested size: 238.2664pt x 142.26378pt.

<illustrations/Rotorcraft_1_StdNDist_Time.png, id=203, 289.83281pt x 121.20282p
t>
File: illustrations/Rotorcraft_1_StdNDist_Time.png Graphic file (type png)
 <use illustrations/Rotorcraft_1_StdNDist_Time.png>
Package pdftex.def Info: illustrations/Rotorcraft_1_StdNDist_Time.png used on i
nput line 284.
(pdftex.def)             Requested size: 340.23517pt x 142.26378pt.
 [42 <./illustrations/Rotorcraft_1_StdNDist_TGraph.png> <./illustrations/Rotorc
raft_1_StdNDist_Time.png>]
<illustrations/Rotorcraft_2_StdNDist_TGraph.png, id=208, 364.36125pt x 217.5628
pt>
File: illustrations/Rotorcraft_2_StdNDist_TGraph.png Graphic file (type png)
 <use illustrations/Rotorcraft_2_StdNDist_TGraph.png>
Package pdftex.def Info: illustrations/Rotorcraft_2_StdNDist_TGraph.png used on
 input line 294.
(pdftex.def)             Requested size: 238.2664pt x 142.26378pt.

<illustrations/Rotorcraft_2_StdNDist_Time.png, id=209, 289.83281pt x 121.20282p
t>
File: illustrations/Rotorcraft_2_StdNDist_Time.png Graphic file (type png)
 <use illustrations/Rotorcraft_2_StdNDist_Time.png>
Package pdftex.def Info: illustrations/Rotorcraft_2_StdNDist_Time.png used on i
nput line 301.
(pdftex.def)             Requested size: 340.23517pt x 142.26378pt.
 [43 <./illustrations/Rotorcraft_2_StdNDist_TGraph.png> <./illustrations/Rotorc
raft_2_StdNDist_Time.png>]
<illustrations/Rotorcraft_3_StdNDist_TGraph.png, id=214, 364.36125pt x 217.5628
pt>
File: illustrations/Rotorcraft_3_StdNDist_TGraph.png Graphic file (type png)
 <use illustrations/Rotorcraft_3_StdNDist_TGraph.png>
Package pdftex.def Info: illustrations/Rotorcraft_3_StdNDist_TGraph.png used on
 input line 311.
(pdftex.def)             Requested size: 238.2664pt x 142.26378pt.

<illustrations/Rotorcraft_3_StdNDist_Time.png, id=215, 289.83281pt x 121.20282p
t>
File: illustrations/Rotorcraft_3_StdNDist_Time.png Graphic file (type png)
 <use illustrations/Rotorcraft_3_StdNDist_Time.png>
Package pdftex.def Info: illustrations/Rotorcraft_3_StdNDist_Time.png used on i
nput line 318.
(pdftex.def)             Requested size: 340.23517pt x 142.26378pt.
) [44 <./illustrations/Rotorcraft_3_StdNDist_TGraph.png> <./illustrations/Rotor
craft_3_StdNDist_Time.png>] (RK_Aerial_Thesis.bbl
Missing character: There is no ‚ in font cmr12!
Missing character: There is no Ä in font cmr12!
Missing character: There is no ì in font cmr12!
 [45]
Missing character: There is no ≈ in font cmr12!
Missing character: There is no ° in font cmr12!
Missing character: There is no ƒ in font cmr12!
Missing character: There is no á in font cmr12!
 [46]
Missing character: There is no ‚ in font cmr12!
Missing character: There is no Ä in font cmr12!
Missing character: There is no ì in font cmr12!
) [47] (RK_Aerial_Thesis.aux) ) 
Here is how much of TeX's memory you used:
 4623 strings out of 493335
 73346 string characters out of 3139265
 138443 words of memory out of 3000000
 7990 multiletter control sequences out of 15000+200000
 12750 words of font info for 49 fonts, out of 3000000 for 9000
 1141 hyphenation exceptions out of 8191
 38i,6n,43p,1955b,316s stack positions out of 5000i,500n,10000p,200000b,50000s
<C:/Program Files/MiKTeX 2.9/fonts/type1/public/
amsfonts/cm/cmbx12.pfb><C:/Program Files/MiKTeX 2.9/fonts/type1/public/amsfonts
/cm/cmmi12.pfb><C:/Program Files/MiKTeX 2.9/fonts/type1/public/amsfonts/cm/cmmi
8.pfb><C:/Program Files/MiKTeX 2.9/fonts/type1/public/amsfonts/cm/cmr12.pfb><C:
/Program Files/MiKTeX 2.9/fonts/type1/public/amsfonts/cm/cmr17.pfb><C:/Program 
Files/MiKTeX 2.9/fonts/type1/public/amsfonts/cm/cmr8.pfb><C:/Program Files/MiKT
eX 2.9/fonts/type1/public/amsfonts/cm/cmsy10.pfb><C:/Program Files/MiKTeX 2.9/f
onts/type1/public/amsfonts/cm/cmsy8.pfb><C:/Program Files/MiKTeX 2.9/fonts/type
1/public/amsfonts/cm/cmti12.pfb>
Output written on RK_Aerial_Thesis.pdf (52 pages, 1050453 bytes).
PDF statistics:
 262 PDF objects out of 1000 (max. 8388607)
 0 named destinations out of 1000 (max. 500000)
 256 words of extra memory for PDF output out of 10000 (max. 10000000)

